<?xml version="1.0" encoding="UTF-8"?>
<!-- Generated by org.testng.reporters.JUnitXMLReporter -->
<testsuite ignored="0" hostname="LAPTOP-0V3POML9" failures="0" tests="11" name="Surefire test" time="8.291" errors="0" timestamp="2020-12-20T21:24:24 EST">
  <testcase classname="alltesting.Maven_Testing.day1_Test" name="day1_tests_2_1" time="0.015"/>
  <testcase classname="alltesting.Maven_Testing.day1_Test" name="day1_tests_2_2" time="0.001"/>
  <testcase classname="alltesting.Maven_Testing.day1_Test" name="daycarloan" time="0.0"/>
  <testcase classname="alltesting.Maven_Testing.day1_Test" name="daycarloan1" time="0.001"/>
  <testcase classname="alltesting.Maven_Testing.day1_Test" name="daycarloan2" time="0.0"/>
  <testcase classname="alltesting.Maven_Testing.day1_test_3_Test" name="day1_tests_2_1" time="0.001"/>
  <testcase classname="alltesting.Maven_Testing.day1_test_3_Test" name="day1_tests_2_2" time="0.0"/>
  <testcase classname="alltesting.Maven_Testing.day1_test_3_Test" name="daycarloan" time="0.001"/>
  <testcase classname="alltesting.Maven_Testing.day1_test_3_Test" name="daycarloan1" time="0.0"/>
  <testcase classname="alltesting.Maven_Testing.day1_test_3_Test" name="daycarloan2" time="0.0"/>
  <testcase classname="alltesting.Maven_Testing.first_testng_Test" name="day1" time="8.188"/>
</testsuite> <!-- Surefire test -->
