<?xml version="1.0" encoding="UTF-8"?>
<!-- Generated by org.testng.reporters.JUnitXMLReporter -->
<testsuite ignored="4" hostname="LAPTOP-0V3POML9" failures="0" tests="1" name="Default test" time="0.152" errors="0" timestamp="2020-12-20T21:15:25 EST">
  <testcase classname="alltesting.Maven_Testing.day1_test_3" name="day1_tests_2_2" time="0.018"/>
  <testcase classname="alltesting.Maven_Testing.day1_test_3" name="day1_tests_2_1" time="0.0">
    <ignored/>
  </testcase> <!-- day1_tests_2_1 -->
  <testcase classname="alltesting.Maven_Testing.day1_test_3" name="daycarloan" time="0.0">
    <ignored/>
  </testcase> <!-- daycarloan -->
  <testcase classname="alltesting.Maven_Testing.day1_test_3" name="daycarloan2" time="0.0">
    <ignored/>
  </testcase> <!-- daycarloan2 -->
  <testcase classname="alltesting.Maven_Testing.day1_test_3" name="daycarloan1" time="0.0">
    <ignored/>
  </testcase> <!-- daycarloan1 -->
</testsuite> <!-- Default test -->
