<?xml version="1.0" encoding="UTF-8"?>
<testng-results ignored="0" total="11" passed="10" failed="1" skipped="0">
  <reporter-output>
  </reporter-output>
  <suite started-at="2020-12-20T21:46:59 EST" name="Suite" finished-at="2020-12-20T21:47:06 EST" duration-ms="7538">
    <groups>
    </groups>
    <test started-at="2020-12-20T21:46:59 EST" name="Test" finished-at="2020-12-20T21:47:06 EST" duration-ms="7538">
      <class name="alltesting.Maven_Testing.first_testng_Test">
        <test-method signature="day1()[pri:0, instance:alltesting.Maven_Testing.first_testng_Test@79ca92b9]" started-at="2020-12-20T21:46:59 EST" name="day1" finished-at="2020-12-20T21:47:06 EST" duration-ms="7380" status="FAIL">
          <exception class="org.openqa.selenium.WebDriverException">
            <message>
              <![CDATA[unknown error: cannot determine loading status
from disconnected: received Inspector.detached event
  (Session info: chrome=87.0.4280.88)
Build info: version: '3.6.0', revision: '6fbf3ec767', time: '2017-09-27T15:28:36.4Z'
System info: host: 'LAPTOP-0V3POML9', ip: '192.168.1.9', os.name: 'Windows 10', os.arch: 'amd64', os.version: '10.0', java.version: '13.0.1'
Driver info: org.openqa.selenium.chrome.ChromeDriver
Capabilities [{networkConnectionEnabled=false, chrome={chromedriverVersion=86.0.4240.22 (398b0743353ff36fb1b82468f63a3a93b4e2e89e-refs/branch-heads/4240@{#378}), userDataDir=C:\Users\13472\AppData\Local\Temp\scoped_dir11448_709722900}, timeouts={implicit=0, pageLoad=300000, script=30000}, pageLoadStrategy=normal, unhandledPromptBehavior=dismiss and notify, strictFileInteractability=false, platform=WINDOWS, proxy=Proxy(), goog:chromeOptions={debuggerAddress=localhost:62438}, acceptInsecureCerts=false, browserVersion=87.0.4280.88, browserName=chrome, javascriptEnabled=true, platformName=WINDOWS, setWindowRect=true, webauthn:virtualAuthenticators=true}]
Session ID: ace73e7a93b11f91a31885011f8ca636]]>
            </message>
            <full-stacktrace>
              <![CDATA[org.openqa.selenium.WebDriverException: unknown error: cannot determine loading status
from disconnected: received Inspector.detached event
  (Session info: chrome=87.0.4280.88)
Build info: version: '3.6.0', revision: '6fbf3ec767', time: '2017-09-27T15:28:36.4Z'
System info: host: 'LAPTOP-0V3POML9', ip: '192.168.1.9', os.name: 'Windows 10', os.arch: 'amd64', os.version: '10.0', java.version: '13.0.1'
Driver info: org.openqa.selenium.chrome.ChromeDriver
Capabilities [{networkConnectionEnabled=false, chrome={chromedriverVersion=86.0.4240.22 (398b0743353ff36fb1b82468f63a3a93b4e2e89e-refs/branch-heads/4240@{#378}), userDataDir=C:\Users\13472\AppData\Local\Temp\scoped_dir11448_709722900}, timeouts={implicit=0, pageLoad=300000, script=30000}, pageLoadStrategy=normal, unhandledPromptBehavior=dismiss and notify, strictFileInteractability=false, platform=WINDOWS, proxy=Proxy(), goog:chromeOptions={debuggerAddress=localhost:62438}, acceptInsecureCerts=false, browserVersion=87.0.4280.88, browserName=chrome, javascriptEnabled=true, platformName=WINDOWS, setWindowRect=true, webauthn:virtualAuthenticators=true}]
Session ID: ace73e7a93b11f91a31885011f8ca636
at java.base/jdk.internal.reflect.NativeConstructorAccessorImpl.newInstance0(Native Method)
at java.base/jdk.internal.reflect.NativeConstructorAccessorImpl.newInstance(NativeConstructorAccessorImpl.java:62)
at java.base/jdk.internal.reflect.DelegatingConstructorAccessorImpl.newInstance(DelegatingConstructorAccessorImpl.java:45)
at java.base/java.lang.reflect.Constructor.newInstanceWithCaller(Constructor.java:500)
at java.base/java.lang.reflect.Constructor.newInstance(Constructor.java:481)
at org.openqa.selenium.remote.http.W3CHttpResponseCodec.createException(W3CHttpResponseCodec.java:185)
at org.openqa.selenium.remote.http.W3CHttpResponseCodec.decode(W3CHttpResponseCodec.java:120)
at org.openqa.selenium.remote.http.W3CHttpResponseCodec.decode(W3CHttpResponseCodec.java:49)
at org.openqa.selenium.remote.HttpCommandExecutor.execute(HttpCommandExecutor.java:164)
at org.openqa.selenium.remote.service.DriverCommandExecutor.execute(DriverCommandExecutor.java:83)
at org.openqa.selenium.remote.RemoteWebDriver.execute(RemoteWebDriver.java:586)
at org.openqa.selenium.remote.RemoteWebDriver.get(RemoteWebDriver.java:310)
at alltesting.Maven_Testing.first_testng_Test.day1(first_testng_Test.java:18)
at java.base/jdk.internal.reflect.NativeMethodAccessorImpl.invoke0(Native Method)
at java.base/jdk.internal.reflect.NativeMethodAccessorImpl.invoke(NativeMethodAccessorImpl.java:62)
at java.base/jdk.internal.reflect.DelegatingMethodAccessorImpl.invoke(DelegatingMethodAccessorImpl.java:43)
at java.base/java.lang.reflect.Method.invoke(Method.java:567)
at org.testng.internal.MethodInvocationHelper.invokeMethod(MethodInvocationHelper.java:132)
at org.testng.internal.TestInvoker.invokeMethod(TestInvoker.java:599)
at org.testng.internal.TestInvoker.invokeTestMethod(TestInvoker.java:174)
at org.testng.internal.MethodRunner.runInSequence(MethodRunner.java:46)
at org.testng.internal.TestInvoker$MethodInvocationAgent.invoke(TestInvoker.java:822)
at org.testng.internal.TestInvoker.invokeTestMethods(TestInvoker.java:147)
at org.testng.internal.TestMethodWorker.invokeTestMethods(TestMethodWorker.java:146)
at org.testng.internal.TestMethodWorker.run(TestMethodWorker.java:128)
at java.base/java.util.ArrayList.forEach(ArrayList.java:1507)
at org.testng.TestRunner.privateRun(TestRunner.java:764)
at org.testng.TestRunner.run(TestRunner.java:585)
at org.testng.SuiteRunner.runTest(SuiteRunner.java:384)
at org.testng.SuiteRunner.runSequentially(SuiteRunner.java:378)
at org.testng.SuiteRunner.privateRun(SuiteRunner.java:337)
at org.testng.SuiteRunner.run(SuiteRunner.java:286)
at org.testng.SuiteRunnerWorker.runSuite(SuiteRunnerWorker.java:53)
at org.testng.SuiteRunnerWorker.run(SuiteRunnerWorker.java:96)
at org.testng.TestNG.runSuitesSequentially(TestNG.java:1218)
at org.testng.TestNG.runSuitesLocally(TestNG.java:1140)
at org.testng.TestNG.runSuites(TestNG.java:1069)
at org.testng.TestNG.run(TestNG.java:1037)
at org.apache.maven.surefire.testng.TestNGExecutor.run(TestNGExecutor.java:284)
at org.apache.maven.surefire.testng.TestNGXmlTestSuite.execute(TestNGXmlTestSuite.java:75)
at org.apache.maven.surefire.testng.TestNGProvider.invoke(TestNGProvider.java:119)
at org.apache.maven.surefire.booter.ForkedBooter.runSuitesInProcess(ForkedBooter.java:428)
at org.apache.maven.surefire.booter.ForkedBooter.execute(ForkedBooter.java:162)
at org.apache.maven.surefire.booter.ForkedBooter.run(ForkedBooter.java:562)
at org.apache.maven.surefire.booter.ForkedBooter.main(ForkedBooter.java:548)
]]>
            </full-stacktrace>
          </exception> <!-- org.openqa.selenium.WebDriverException -->
          <reporter-output>
          </reporter-output>
        </test-method> <!-- day1 -->
      </class> <!-- alltesting.Maven_Testing.first_testng_Test -->
      <class name="alltesting.Maven_Testing.day1_Test">
        <test-method signature="day1_tests_2_1()[pri:0, instance:alltesting.Maven_Testing.day1_Test@78047b92]" started-at="2020-12-20T21:46:59 EST" name="day1_tests_2_1" finished-at="2020-12-20T21:46:59 EST" duration-ms="8" status="PASS">
          <reporter-output>
          </reporter-output>
        </test-method> <!-- day1_tests_2_1 -->
        <test-method signature="day1_tests_2_2()[pri:0, instance:alltesting.Maven_Testing.day1_Test@78047b92]" started-at="2020-12-20T21:46:59 EST" name="day1_tests_2_2" finished-at="2020-12-20T21:46:59 EST" duration-ms="1" status="PASS">
          <reporter-output>
          </reporter-output>
        </test-method> <!-- day1_tests_2_2 -->
        <test-method signature="daycarloan()[pri:0, instance:alltesting.Maven_Testing.day1_Test@78047b92]" started-at="2020-12-20T21:46:59 EST" name="daycarloan" finished-at="2020-12-20T21:46:59 EST" duration-ms="1" status="PASS">
          <reporter-output>
          </reporter-output>
        </test-method> <!-- daycarloan -->
        <test-method signature="daycarloan1()[pri:0, instance:alltesting.Maven_Testing.day1_Test@78047b92]" started-at="2020-12-20T21:46:59 EST" name="daycarloan1" finished-at="2020-12-20T21:46:59 EST" duration-ms="2" status="PASS">
          <reporter-output>
          </reporter-output>
        </test-method> <!-- daycarloan1 -->
        <test-method signature="daycarloan2()[pri:0, instance:alltesting.Maven_Testing.day1_Test@78047b92]" started-at="2020-12-20T21:46:59 EST" name="daycarloan2" finished-at="2020-12-20T21:46:59 EST" duration-ms="1" status="PASS">
          <reporter-output>
          </reporter-output>
        </test-method> <!-- daycarloan2 -->
      </class> <!-- alltesting.Maven_Testing.day1_Test -->
      <class name="alltesting.Maven_Testing.day1_test_3_Test">
        <test-method signature="day1_tests_2_1()[pri:0, instance:alltesting.Maven_Testing.day1_test_3_Test@8909f18]" started-at="2020-12-20T21:46:59 EST" name="day1_tests_2_1" finished-at="2020-12-20T21:46:59 EST" duration-ms="4" status="PASS">
          <reporter-output>
          </reporter-output>
        </test-method> <!-- day1_tests_2_1 -->
        <test-method signature="day1_tests_2_2()[pri:0, instance:alltesting.Maven_Testing.day1_test_3_Test@8909f18]" started-at="2020-12-20T21:46:59 EST" name="day1_tests_2_2" finished-at="2020-12-20T21:46:59 EST" duration-ms="1" status="PASS">
          <reporter-output>
          </reporter-output>
        </test-method> <!-- day1_tests_2_2 -->
        <test-method signature="daycarloan()[pri:0, instance:alltesting.Maven_Testing.day1_test_3_Test@8909f18]" started-at="2020-12-20T21:46:59 EST" name="daycarloan" finished-at="2020-12-20T21:46:59 EST" duration-ms="0" status="PASS">
          <reporter-output>
          </reporter-output>
        </test-method> <!-- daycarloan -->
        <test-method signature="daycarloan1()[pri:0, instance:alltesting.Maven_Testing.day1_test_3_Test@8909f18]" started-at="2020-12-20T21:46:59 EST" name="daycarloan1" finished-at="2020-12-20T21:46:59 EST" duration-ms="0" status="PASS">
          <reporter-output>
          </reporter-output>
        </test-method> <!-- daycarloan1 -->
        <test-method signature="daycarloan2()[pri:0, instance:alltesting.Maven_Testing.day1_test_3_Test@8909f18]" started-at="2020-12-20T21:46:59 EST" name="daycarloan2" finished-at="2020-12-20T21:46:59 EST" duration-ms="0" status="PASS">
          <reporter-output>
          </reporter-output>
        </test-method> <!-- daycarloan2 -->
      </class> <!-- alltesting.Maven_Testing.day1_test_3_Test -->
    </test> <!-- Test -->
  </suite> <!-- Suite -->
</testng-results>
