<?xml version="1.0" encoding="UTF-8"?>
<testsuite xmlns:xsi="http://www.w3.org/2001/XMLSchema-instance" xsi:noNamespaceSchemaLocation="https://maven.apache.org/surefire/maven-surefire-plugin/xsd/surefire-test-report-3.0.xsd" version="3.0" name="TestSuite" time="9.739" tests="11" errors="0" skipped="0" failures="1">
  <properties>
[...]
</properties>
  <testcase name="day1_tests_2_1" classname="alltesting.Maven_Testing.day1_Test" time="0.015">
    <system-out><![CDATA[testing the xml file
]]></system-out>
  </testcase>
  <testcase name="day1_tests_2_2" classname="alltesting.Maven_Testing.day1_Test" time="0.002">
    <system-out><![CDATA[testing the xml file
]]></system-out>
  </testcase>
  <testcase name="daycarloan" classname="alltesting.Maven_Testing.day1_Test" time="0.009">
    <system-out><![CDATA[car0 
]]></system-out>
  </testcase>
  <testcase name="daycarloan1" classname="alltesting.Maven_Testing.day1_Test" time="0.001">
    <system-out><![CDATA[car1
]]></system-out>
  </testcase>
  <testcase name="daycarloan2" classname="alltesting.Maven_Testing.day1_Test" time="0.003">
    <system-out><![CDATA[car2 
]]></system-out>
  </testcase>
  <testcase name="day1_tests_2_1" classname="alltesting.Maven_Testing.day1_test_3_Test" time="0.005">
    <system-out><![CDATA[testing the xml file from the maven rep 222
]]></system-out>
  </testcase>
  <testcase name="day1_tests_2_2" classname="alltesting.Maven_Testing.day1_test_3_Test" time="0.007">
    <system-out><![CDATA[testing the xml file
]]></system-out>
  </testcase>
  <testcase name="daycarloan" classname="alltesting.Maven_Testing.day1_test_3_Test" time="0.002">
    <system-out><![CDATA[car0 
]]></system-out>
  </testcase>
  <testcase name="daycarloan1" classname="alltesting.Maven_Testing.day1_test_3_Test" time="0.001">
    <system-out><![CDATA[car1
]]></system-out>
  </testcase>
  <testcase name="daycarloan2" classname="alltesting.Maven_Testing.day1_test_3_Test" time="0.001">
    <system-out><![CDATA[car2 
]]></system-out>
  </testcase>
  <testcase name="day1" classname="alltesting.Maven_Testing.first_testng_Test" time="8.095">
    <failure message="unknown error: cannot determine loading status&#10;from disconnected: received Inspector.detached event&#10;  (Session info: chrome=87.0.4280.88)&#10;Build info: version: &apos;3.6.0&apos;, revision: &apos;6fbf3ec767&apos;, time: &apos;2017-09-27T15:28:36.4Z&apos;&#10;System info: host: &apos;LAPTOP-0V3POML9&apos;, ip: &apos;192.168.1.9&apos;, os.name: &apos;Windows 10&apos;, os.arch: &apos;amd64&apos;, os.version: &apos;10.0&apos;, java.version: &apos;13.0.1&apos;&#10;Driver info: org.openqa.selenium.chrome.ChromeDriver&#10;Capabilities [{networkConnectionEnabled=false, chrome={chromedriverVersion=86.0.4240.22 (398b0743353ff36fb1b82468f63a3a93b4e2e89e-refs/branch-heads/4240@{#378}), userDataDir=C:\Users\13472\AppData\Local\Temp\scoped_dir11448_709722900}, timeouts={implicit=0, pageLoad=300000, script=30000}, pageLoadStrategy=normal, unhandledPromptBehavior=dismiss and notify, strictFileInteractability=false, platform=WINDOWS, proxy=Proxy(), goog:chromeOptions={debuggerAddress=localhost:62438}, acceptInsecureCerts=false, browserVersion=87.0.4280.88, browserName=chrome, javascriptEnabled=true, platformName=WINDOWS, setWindowRect=true, webauthn:virtualAuthenticators=true}]&#10;Session ID: ace73e7a93b11f91a31885011f8ca636" type="org.openqa.selenium.WebDriverException"><![CDATA[org.openqa.selenium.WebDriverException: 
unknown error: cannot determine loading status
from disconnected: received Inspector.detached event
  (Session info: chrome=87.0.4280.88)
Build info: version: '3.6.0', revision: '6fbf3ec767', time: '2017-09-27T15:28:36.4Z'
System info: host: 'LAPTOP-0V3POML9', ip: '192.168.1.9', os.name: 'Windows 10', os.arch: 'amd64', os.version: '10.0', java.version: '13.0.1'
Driver info: org.openqa.selenium.chrome.ChromeDriver
Capabilities [{networkConnectionEnabled=false, chrome={chromedriverVersion=86.0.4240.22 (398b0743353ff36fb1b82468f63a3a93b4e2e89e-refs/branch-heads/4240@{#378}), userDataDir=C:\Users\13472\AppData\Local\Temp\scoped_dir11448_709722900}, timeouts={implicit=0, pageLoad=300000, script=30000}, pageLoadStrategy=normal, unhandledPromptBehavior=dismiss and notify, strictFileInteractability=false, platform=WINDOWS, proxy=Proxy(), goog:chromeOptions={debuggerAddress=localhost:62438}, acceptInsecureCerts=false, browserVersion=87.0.4280.88, browserName=chrome, javascriptEnabled=true, platformName=WINDOWS, setWindowRect=true, webauthn:virtualAuthenticators=true}]
Session ID: ace73e7a93b11f91a31885011f8ca636
	at alltesting.Maven_Testing.first_testng_Test.day1(first_testng_Test.java:18)
]]></failure>
    <system-err><![CDATA[Starting ChromeDriver 86.0.4240.22 (398b0743353ff36fb1b82468f63a3a93b4e2e89e-refs/branch-heads/4240@{#378}) on port 38895
Only local connections are allowed.
Please see https://chromedriver.chromium.org/security-considerations for suggestions on keeping ChromeDriver safe.
ChromeDriver was started successfully.
[1608518823.345][WARNING]: This version of ChromeDriver has not been tested with Chrome version 87.
Dec 20, 2020 9:47:06 PM org.openqa.selenium.remote.ProtocolHandshake createSession
INFO: Detected dialect: W3C
]]></system-err>
  </testcase>
</testsuite>