<?xml version="1.0" encoding="UTF-8"?>
<testng-results ignored="4" total="5" passed="1" failed="0" skipped="0">
  <reporter-output>
  </reporter-output>
  <suite started-at="2020-12-20T21:15:25 EST" name="Default suite" finished-at="2020-12-20T21:15:25 EST" duration-ms="152">
    <groups>
    </groups>
    <test started-at="2020-12-20T21:15:25 EST" name="Default test" finished-at="2020-12-20T21:15:25 EST" duration-ms="152">
      <class name="alltesting.Maven_Testing.day1_test_3">
        <test-method signature="day1_tests_2_2()[pri:0, instance:alltesting.Maven_Testing.day1_test_3@7c0c77c7]" started-at="2020-12-20T21:15:25 EST" name="day1_tests_2_2" finished-at="2020-12-20T21:15:25 EST" duration-ms="18" status="PASS">
          <reporter-output>
          </reporter-output>
        </test-method> <!-- day1_tests_2_2 -->
      </class> <!-- alltesting.Maven_Testing.day1_test_3 -->
    </test> <!-- Default test -->
  </suite> <!-- Default suite -->
</testng-results>
